2025-06-13 10:22:07 [ERROR]: ❌ Error generating interfaces: prismaAst.parseSchema is not a function
2025-06-13 10:33:22 [ERROR]: ❌ Error generating interfaces: parseSchema is not a function
2025-06-13 10:41:19 [ERROR]: 🚨 Interface generation failed: parseSchema is not a function
2025-06-13 10:50:20 [ERROR]: 🚨 Interface generation failed: parser.parse is not a function
2025-06-13 10:50:27 [ERROR]: 🚨 Interface generation failed: parser.parse is not a function
2025-06-13 10:50:33 [ERROR]: 🚨 Interface generation failed: parser.parse is not a function
2025-06-13 10:50:39 [ERROR]: 🚨 Interface generation failed: parser.parse is not a function
2025-06-13 10:58:35 [ERROR]: 🚨 Interface generation failed: parseSchema is not defined
2025-06-13 10:59:51 [ERROR]: 🚨 Interface generation failed: Cannot create property 'outputCst' on string '// THIS FILE IS AUTO-GENERATED. DO NOT EDIT DIRECTLY.
// Modify individual schema parts in the prisma/schemas directory.

generator client {
  provider = "prisma-client-js"
  output   = "../auth-kit-core/src/generated/prisma"
}

datasource db {
  provider = "postgresql"
  url      = env("DATABASE_URL")
}

generator seed {
  provider = "prisma-client-js"
  output   = "../node_modules/.prisma/client"
}

enum ActivityType {
  LOGIN
  LOGOUT
  MFA_ENABLED
  PASSWORD_RESET
}

enum AdminAction {
  USER_BAN
  USER_UNBAN
  ACCOUNT_DELETED
  ORG_CREATED
  ORG_MEMBER_REMOVED
  ORG_INVITE_SENT
  SUBSCRIPTION_UPDATED
}

enum AuthEvent {
  LOGIN
  LOGOUT
  MFA_SUCCESS
  MFA_FAILED
  EMAIL_VERIFIED
  PASSWORD_CHANGED
  TOKEN_EXPIRED
}

enum BillingEventType {
  SUBSCRIPTION_CREATED
  SUBSCRIPTION_UPDATED
  SUBSCRIPTION_CANCELED
  PAYMENT_SUCCEEDED
  PAYMENT_FAILED
  TRIAL_STARTED
  TRIAL_ENDED
  REFUND_INITIATED
  COUPON_APPLIED
  PLAN_SWITCHED
  RENEWAL
  PROVIDER_SYNC
}

enum BillingProvider {
  STRIPE
  PAYSTACK
  LEMONSQUEEZY
}

enum OAuthProvider {
  GITHUB
  GOOGLE
  DISCORD
}

enum SocialOAuthProvider {
	FACEBOOK
	LINKEDIN
}

enum Web3OAuthProvider {
	METAMASK
	BITCOIN
}

enum OrganizationRole {
  OWNER
  ADMIN
  MEMBER
  GUEST
}

enum Role {
  USER
  PREMIUM
  PRO
  ADMIN
}

enum SubscriptionPlan {
  FREE
  PREMIUM
  PRO
  ENTERPRISE
	EDUCATOR
}

enum SubscriptionProvider {
  STRIPE
  PAYSTACK
  LEMONSQUEEZY
}

enum SubscriptionStatus {
  ACTIVE
  CANCELED
  TRIALING
  EXPIRED
	RENEWED
}

enum TokenType {
  VERIFY_EMAIL
  RESET_PASSWORD
  MAGIC_LINK
  TOTP
}

enum UserStatus {
  active
  suspended
  banned
}

model ActivityLog {
  id        String   @id @default(uuid())
  userId    String
  user      User     @relation(fields: [userId], references: [id])
  action    ActivityType
  ip        String?
  metadata  Json?
  userAgent String?
  createdAt DateTime @default(now())

  @@index([userId])
  @@index([action])
  @@index([createdAt])
}

model AdminAuditLog {
  id        String   @id @default(uuid())
  action    AdminAction
  actorId   String?
  actor     User?    @relation("UserToAdminAuditLog", fields: [actorId], references: [id])
  target    String?
  meta      Json?
  createdAt DateTime @default(now())

  @@index([actorId])
  @@index([action])
  @@index([createdAt])
}

model AuthLog {
  id              String   @id @default(uuid())
  userId          String
  user            User     @relation(fields: [userId], references: [id])
  event           AuthEvent
  ip              String?
  userAgent       String?
  platform        String?
  browser         String?
  locationCity    String?
  locationCountry String?
  createdAt       DateTime @default(now())

  @@index([userId])
  @@index([event])
  @@index([createdAt])
}

model BillingEvent {
  id             String               @id @default(uuid())
  userId         String
  user           User                 @relation(fields: [userId], references: [id])

  subscriptionId String
  subscription   Subscription         @relation(fields: [subscriptionId], references: [id])

  eventType      BillingEventType
  provider       SubscriptionProvider
  status         String?              // Optional result (e.g., "success", "failed", etc.)
  metadata       Json?                // Flexible provider-specific payload

  createdAt      DateTime             @default(now())

  @@index([userId])
  @@index([subscriptionId])
  @@index([eventType])
  @@index([createdAt])
}

model EmailToken {
  id        String    @id @default(uuid())
  email     String
  token     String    @unique
  type      TokenType
  expiresAt DateTime
  userId    String?
  user      User?     @relation(fields: [userId], references: [id])
  createdAt DateTime  @default(now())

  @@index([email])
  @@index([type])
  @@index([expiresAt])
}



model MFA {
  id          String            @id @default(uuid())
  userId      String            @unique
  user        User              @relation(fields: [userId], references: [id])
  secret      String
  enabled     Boolean           @default(false)
  verifiedAt  DateTime?
  createdAt   DateTime          @default(now())
  backupCodes MFA_BackupCode[]

  @@index([enabled])
}

model MFA_BackupCode {
  id     String   @id @default(uuid())
  code   String
  usedAt DateTime?
  mfaId  String
  mfa    MFA      @relation(fields: [mfaId], references: [id])

  @@index([mfaId])
  @@index([usedAt])
}

model OAuthAccount {
  id             String    @id @default(uuid())
  userId         String
  user           User      @relation(fields: [userId], references: [id])
  provider       OAuthProvider
  providerUserId String
  accessToken    String?
  refreshToken   String?
  expiresAt      DateTime?
  createdAt      DateTime  @default(now())

  @@unique([provider, providerUserId])
  @@index([userId])
  @@index([provider])
}

model OrganizationDomain {
  id             String        @id @default(uuid())
  organizationId String
  organization   Organization  @relation(fields: [organizationId], references: [id])
  domain         String        @unique
  verified       Boolean       @default(false)
}

model OrganizationInvite {
  id             String    @id @default(uuid())
  email          String
  organizationId String
  organization   Organization @relation(fields: [organizationId], references: [id])

  role           OrganizationRole @default(MEMBER)
  invitedById    String?
  invitedBy      User?       @relation("InviteInvitedBy", fields: [invitedById], references: [id])

  token          String     @unique
  expiresAt      DateTime
  acceptedAt     DateTime?
  createdAt      DateTime   @default(now())

  @@index([organizationId])
  @@index([email])
}

model OrganizationMembership {
  id             String        @id @default(uuid())
  userId         String
  user           User          @relation(fields: [userId], references: [id])

  organizationId String
  organization   Organization  @relation(fields: [organizationId], references: [id])

  role           OrganizationRole @default(MEMBER)
  invitedById    String?
  invitedBy      User?         @relation("MembershipInvitedBy", fields: [invitedById], references: [id])
  createdAt      DateTime      @default(now())
  updatedAt      DateTime      @updatedAt

  @@unique([userId, organizationId])
}

model OrganizationSSOProvider {
  id               String     @id @default(uuid())
  organizationId   String
  organization     Organization @relation(fields: [organizationId], references: [id])
  provider         String
  ssoConfig        Json
  createdAt        DateTime   @default(now())

  @@index([organizationId])
}

model Organization {
  id          String        @id @default(uuid())
  name        String
  slug        String        @unique
  createdAt   DateTime      @default(now())
  updatedAt   DateTime      @updatedAt

  memberships OrganizationMembership[]
  domains     OrganizationDomain[]
  invites     OrganizationInvite[]
  ssoProviders OrganizationSSOProvider[]
}

model Session {
  id              String    @id @default(uuid())
  userId          String
  user            User      @relation(fields: [userId], references: [id])
  ip              String?
  userAgent       String?
  deviceName      String?
  platform        String?
  browser         String?
  locationCity    String?
  locationCountry String?
  fingerprint     String?
  createdAt       DateTime  @default(now())
  lastActiveAt    DateTime? 
  expiresAt       DateTime
  valid           Boolean   @default(true)
  refreshToken    String? 

  firstSeenAt     DateTime? 
  lastUsedAt      DateTime? 

  @@index([userId])
  @@index([refreshToken])
  @@index([expiresAt])
  @@index([valid])
}

model Subscription {
  id                  String               @id @default(uuid())
  userId              String               @unique
  user                User                 @relation(fields: [userId], references: [id])

  plan                SubscriptionPlan
  status              SubscriptionStatus
  provider            SubscriptionProvider

  stripeCustomerId    String?
  stripeSubId         String?

  paystackCustomerId  String?
  paystackSubCode     String?

  lemonCustomerId     String?
  lemonOrderId        String?

  currentPeriodEnd    DateTime

  billingEvents BillingEvent[]

  createdAt           DateTime             @default(now())
  updatedAt           DateTime             @updatedAt

  @@index([plan])
  @@index([status])
  @@index([provider])
  @@index([currentPeriodEnd])
}

model User {
  id            String    @id @default(uuid())
  email         String    @unique
  password      String?
  name          String?
  emailVerified DateTime?
  role          Role      @default(USER)
  createdAt     DateTime  @default(now())
  updatedAt     DateTime  @updatedAt

  isDeactivated Boolean   @default(false)
  deletedAt     DateTime? 
  status        UserStatus @default(active)

  // Relations
  authLogs     AuthLog[]
  sessions     Session[]
  mfa          MFA?
  activityLogs ActivityLog[]
  accounts     OAuthAccount[]
  tokens       EmailToken[]
  subscription Subscription?
  auditLogs    AdminAuditLog[] @relation("UserToAdminAuditLog")

  organizationInvitesSent OrganizationInvite[] @relation("InviteInvitedBy")
  organizationMemberships OrganizationMembership[]
  organizationMembershipsInvited OrganizationMembership[] @relation("MembershipInvitedBy")

  billingEvents BillingEvent[]

  @@index([status])
  @@index([createdAt])
}'
2025-06-13 12:20:40 [INFO]: Wrote auth-kit-core\src\common\constants\prisma-enums\activity-type.enum.ts
2025-06-13 12:20:40 [INFO]: Wrote auth-kit-core\src\common\constants\prisma-enums\admin-action.enum.ts
2025-06-13 12:20:40 [INFO]: Wrote auth-kit-core\src\common\constants\prisma-enums\auth-event.enum.ts
2025-06-13 12:20:40 [INFO]: Wrote auth-kit-core\src\common\constants\prisma-enums\billing-event-type.enum.ts
2025-06-13 12:20:40 [INFO]: Wrote auth-kit-core\src\common\constants\prisma-enums\billing-provider.enum.ts
2025-06-13 12:20:40 [INFO]: Wrote auth-kit-core\src\common\constants\prisma-enums\oauth-provider.enum.ts
2025-06-13 12:20:40 [INFO]: Wrote auth-kit-core\src\common\constants\prisma-enums\social-oauth-provider.enum.ts
2025-06-13 12:20:40 [INFO]: Wrote auth-kit-core\src\common\constants\prisma-enums\web3oauth-provider.enum.ts
2025-06-13 12:20:40 [INFO]: Wrote auth-kit-core\src\common\constants\prisma-enums\organization-role.enum.ts
2025-06-13 12:20:40 [INFO]: Wrote auth-kit-core\src\common\constants\prisma-enums\role.enum.ts
2025-06-13 12:20:40 [INFO]: Wrote auth-kit-core\src\common\constants\prisma-enums\subscription-plan.enum.ts
2025-06-13 12:20:40 [INFO]: Wrote auth-kit-core\src\common\constants\prisma-enums\subscription-provider.enum.ts
2025-06-13 12:20:40 [INFO]: Wrote auth-kit-core\src\common\constants\prisma-enums\subscription-status.enum.ts
2025-06-13 12:20:40 [INFO]: Wrote auth-kit-core\src\common\constants\prisma-enums\token-type.enum.ts
2025-06-13 12:20:40 [INFO]: Wrote auth-kit-core\src\common\constants\prisma-enums\user-status.enum.ts
2025-06-13 12:20:40 [INFO]: Wrote auth-kit-core\src\common\constants\prisma-enums\role.enum.ts
2025-06-13 12:20:40 [INFO]: Wrote auth-kit-core\src\common\constants\prisma-enums\user-status.enum.ts
2025-06-13 12:20:40 [INFO]: Wrote auth-kit-core\src\common\constants\prisma-enums\admin-action.enum.ts
2025-06-13 12:20:40 [INFO]: Wrote auth-kit-core\src\common\constants\prisma-enums\token-type.enum.ts
2025-06-13 12:20:40 [INFO]: Wrote auth-kit-core\src\common\constants\prisma-enums\activity-type.enum.ts
2025-06-13 12:20:40 [INFO]: Wrote auth-kit-core\src\common\constants\prisma-enums\auth-event.enum.ts
2025-06-13 12:20:40 [INFO]: Wrote auth-kit-core\src\common\constants\prisma-enums\subscription-plan.enum.ts
2025-06-13 12:20:40 [INFO]: Wrote auth-kit-core\src\common\constants\prisma-enums\subscription-status.enum.ts
2025-06-13 12:20:40 [INFO]: Wrote auth-kit-core\src\common\constants\prisma-enums\subscription-provider.enum.ts
2025-06-13 12:20:40 [INFO]: Wrote auth-kit-core\src\common\constants\prisma-enums\oauth-provider.enum.ts
2025-06-13 12:20:40 [INFO]: ✅ Enums index generated with 15 exports → auth-kit-core\src\common\constants\prisma-enums\index.ts
2025-06-13 12:20:58 [INFO]: Wrote auth-kit-core\src\common\constants\prisma-enums\activity-type.enum.ts
2025-06-13 12:20:58 [INFO]: Wrote auth-kit-core\src\common\constants\prisma-enums\admin-action.enum.ts
2025-06-13 12:20:58 [INFO]: Wrote auth-kit-core\src\common\constants\prisma-enums\auth-event.enum.ts
2025-06-13 12:20:58 [INFO]: Wrote auth-kit-core\src\common\constants\prisma-enums\billing-event-type.enum.ts
2025-06-13 12:20:58 [INFO]: Wrote auth-kit-core\src\common\constants\prisma-enums\billing-provider.enum.ts
2025-06-13 12:20:58 [INFO]: Wrote auth-kit-core\src\common\constants\prisma-enums\oauth-provider.enum.ts
2025-06-13 12:20:58 [INFO]: Wrote auth-kit-core\src\common\constants\prisma-enums\social-oauth-provider.enum.ts
2025-06-13 12:20:58 [INFO]: Wrote auth-kit-core\src\common\constants\prisma-enums\web3oauth-provider.enum.ts
2025-06-13 12:20:58 [INFO]: Wrote auth-kit-core\src\common\constants\prisma-enums\organization-role.enum.ts
2025-06-13 12:20:58 [INFO]: Wrote auth-kit-core\src\common\constants\prisma-enums\role.enum.ts
2025-06-13 12:20:58 [INFO]: Wrote auth-kit-core\src\common\constants\prisma-enums\subscription-plan.enum.ts
2025-06-13 12:20:58 [INFO]: Wrote auth-kit-core\src\common\constants\prisma-enums\subscription-provider.enum.ts
2025-06-13 12:20:58 [INFO]: Wrote auth-kit-core\src\common\constants\prisma-enums\subscription-status.enum.ts
2025-06-13 12:20:58 [INFO]: Wrote auth-kit-core\src\common\constants\prisma-enums\token-type.enum.ts
2025-06-13 12:20:58 [INFO]: Wrote auth-kit-core\src\common\constants\prisma-enums\user-status.enum.ts
2025-06-13 12:20:59 [INFO]: Wrote auth-kit-core\src\common\constants\prisma-enums\role.enum.ts
2025-06-13 12:20:59 [INFO]: Wrote auth-kit-core\src\common\constants\prisma-enums\user-status.enum.ts
2025-06-13 12:20:59 [INFO]: Wrote auth-kit-core\src\common\constants\prisma-enums\admin-action.enum.ts
2025-06-13 12:20:59 [INFO]: Wrote auth-kit-core\src\common\constants\prisma-enums\token-type.enum.ts
2025-06-13 12:20:59 [INFO]: Wrote auth-kit-core\src\common\constants\prisma-enums\activity-type.enum.ts
2025-06-13 12:20:59 [INFO]: Wrote auth-kit-core\src\common\constants\prisma-enums\auth-event.enum.ts
2025-06-13 12:20:59 [INFO]: Wrote auth-kit-core\src\common\constants\prisma-enums\subscription-plan.enum.ts
2025-06-13 12:20:59 [INFO]: Wrote auth-kit-core\src\common\constants\prisma-enums\subscription-status.enum.ts
2025-06-13 12:20:59 [INFO]: Wrote auth-kit-core\src\common\constants\prisma-enums\subscription-provider.enum.ts
2025-06-13 12:20:59 [INFO]: Wrote auth-kit-core\src\common\constants\prisma-enums\oauth-provider.enum.ts
2025-06-13 12:20:59 [INFO]: ✅ Enums index generated with 15 exports → auth-kit-core\src\common\constants\prisma-enums\index.ts
2025-06-13 12:22:37 [INFO]: ✅ Utils index generated with 15 exports → auth-kit-core\src\common\utils\index.ts
2025-06-13 12:25:54 [INFO]: 👀 Watching for changes in C:\Users\USER\Desktop\Projects\Voltix\backend\prisma\schema.prisma...
2025-06-13 12:47:38 [INFO]: ✅ Wrote auth-kit-core\src\common\constants\prisma-enums\activity-type.enum.ts
2025-06-13 12:50:16 [INFO]: ✅ Wrote auth-kit-core\src\common\constants\prisma-enums\activity-type.enum.ts
2025-06-13 12:53:13 [INFO]: ✅ Wrote auth-kit-core\src\common\constants\prisma-enums\activity-type.enum.ts
2025-06-13 12:53:13 [INFO]: ✅ Wrote auth-kit-core\src\common\constants\prisma-enums\admin-action.enum.ts
2025-06-13 12:53:13 [INFO]: ✅ Wrote auth-kit-core\src\common\constants\prisma-enums\auth-event.enum.ts
2025-06-13 12:53:13 [INFO]: ✅ Wrote auth-kit-core\src\common\constants\prisma-enums\billing-event-type.enum.ts
2025-06-13 12:53:14 [INFO]: ✅ Wrote auth-kit-core\src\common\constants\prisma-enums\billing-provider.enum.ts
2025-06-13 12:53:14 [INFO]: ✅ Wrote auth-kit-core\src\common\constants\prisma-enums\oauth-provider.enum.ts
2025-06-13 12:53:14 [INFO]: ✅ Wrote auth-kit-core\src\common\constants\prisma-enums\social-oauth-provider.enum.ts
2025-06-13 12:53:14 [INFO]: ✅ Wrote auth-kit-core\src\common\constants\prisma-enums\web3oauth-provider.enum.ts
2025-06-13 12:53:14 [INFO]: ✅ Wrote auth-kit-core\src\common\constants\prisma-enums\organization-role.enum.ts
2025-06-13 12:53:14 [INFO]: ✅ Wrote auth-kit-core\src\common\constants\prisma-enums\role.enum.ts
2025-06-13 12:53:14 [INFO]: ✅ Wrote auth-kit-core\src\common\constants\prisma-enums\subscription-plan.enum.ts
2025-06-13 12:53:14 [INFO]: ✅ Wrote auth-kit-core\src\common\constants\prisma-enums\subscription-provider.enum.ts
2025-06-13 12:53:14 [INFO]: ✅ Wrote auth-kit-core\src\common\constants\prisma-enums\subscription-status.enum.ts
2025-06-13 12:53:14 [INFO]: ✅ Wrote auth-kit-core\src\common\constants\prisma-enums\token-type.enum.ts
2025-06-13 12:53:14 [INFO]: ✅ Wrote auth-kit-core\src\common\constants\prisma-enums\user-status.enum.ts
2025-06-13 12:53:14 [INFO]: ✅ Wrote auth-kit-core\src\common\constants\prisma-enums\role.enum.ts
2025-06-13 12:53:14 [INFO]: ✅ Wrote auth-kit-core\src\common\constants\prisma-enums\user-status.enum.ts
2025-06-13 12:53:14 [INFO]: ✅ Wrote auth-kit-core\src\common\constants\prisma-enums\admin-action.enum.ts
2025-06-13 12:53:15 [INFO]: ✅ Wrote auth-kit-core\src\common\constants\prisma-enums\token-type.enum.ts
2025-06-13 12:53:15 [INFO]: ✅ Wrote auth-kit-core\src\common\constants\prisma-enums\activity-type.enum.ts
2025-06-13 12:53:15 [INFO]: ✅ Wrote auth-kit-core\src\common\constants\prisma-enums\auth-event.enum.ts
2025-06-13 12:53:15 [INFO]: ✅ Wrote auth-kit-core\src\common\constants\prisma-enums\subscription-plan.enum.ts
2025-06-13 12:53:15 [INFO]: ✅ Wrote auth-kit-core\src\common\constants\prisma-enums\subscription-status.enum.ts
2025-06-13 12:53:15 [INFO]: ✅ Wrote auth-kit-core\src\common\constants\prisma-enums\subscription-provider.enum.ts
2025-06-13 12:53:15 [INFO]: ✅ Wrote auth-kit-core\src\common\constants\prisma-enums\oauth-provider.enum.ts
2025-06-13 12:53:15 [INFO]: ✅ 📦 Enums index generated (15 exports) → auth-kit-core\src\common\constants\prisma-enums\index.ts
2025-06-13 12:53:37 [INFO]: ✅ ✅ Changes committed to Git
2025-06-13 13:43:17 [WARN]: ⚠️ No enums found in schema.
2025-06-13 13:44:09 [WARN]: ⚠️ No enums found in schema.
2025-06-13 13:47:46 [INFO]: ✅ Wrote auth-kit-core\src\common\constants\prisma-enums\activity-type.enum.ts
2025-06-13 13:47:46 [INFO]: ✅ Wrote auth-kit-core\src\common\constants\prisma-enums\admin-action.enum.ts
2025-06-13 13:47:47 [INFO]: ✅ Wrote auth-kit-core\src\common\constants\prisma-enums\auth-event.enum.ts
2025-06-13 13:47:47 [INFO]: ✅ Wrote auth-kit-core\src\common\constants\prisma-enums\billing-event-type.enum.ts
2025-06-13 13:47:47 [INFO]: ✅ Wrote auth-kit-core\src\common\constants\prisma-enums\billing-provider.enum.ts
2025-06-13 13:47:47 [INFO]: ✅ Wrote auth-kit-core\src\common\constants\prisma-enums\oauth-provider.enum.ts
2025-06-13 13:47:47 [INFO]: ✅ Wrote auth-kit-core\src\common\constants\prisma-enums\social-oauth-provider.enum.ts
2025-06-13 13:47:47 [INFO]: ✅ Wrote auth-kit-core\src\common\constants\prisma-enums\web3oauth-provider.enum.ts
2025-06-13 13:47:47 [INFO]: ✅ Wrote auth-kit-core\src\common\constants\prisma-enums\organization-role.enum.ts
2025-06-13 13:47:47 [INFO]: ✅ Wrote auth-kit-core\src\common\constants\prisma-enums\role.enum.ts
2025-06-13 13:47:47 [INFO]: ✅ Wrote auth-kit-core\src\common\constants\prisma-enums\subscription-plan.enum.ts
2025-06-13 13:47:47 [INFO]: ✅ Wrote auth-kit-core\src\common\constants\prisma-enums\subscription-provider.enum.ts
2025-06-13 13:47:47 [INFO]: ✅ Wrote auth-kit-core\src\common\constants\prisma-enums\subscription-status.enum.ts
2025-06-13 13:47:47 [INFO]: ✅ Wrote auth-kit-core\src\common\constants\prisma-enums\token-type.enum.ts
2025-06-13 13:47:47 [INFO]: ✅ Wrote auth-kit-core\src\common\constants\prisma-enums\user-status.enum.ts
2025-06-13 13:47:47 [INFO]: ✅ 📦 Enums index generated (15 exports) → auth-kit-core\src\common\constants\prisma-enums\index.ts
2025-06-13 13:47:52 [INFO]: ✅ ✅ Changes committed to Git
2025-06-13 13:48:20 [INFO]: ✅ Wrote auth-kit-core\src\common\constants\prisma-enums\activity-type.enum.ts
2025-06-13 13:48:20 [INFO]: ✅ Wrote auth-kit-core\src\common\constants\prisma-enums\admin-action.enum.ts
2025-06-13 13:48:20 [INFO]: ✅ Wrote auth-kit-core\src\common\constants\prisma-enums\auth-event.enum.ts
2025-06-13 13:48:20 [INFO]: ✅ Wrote auth-kit-core\src\common\constants\prisma-enums\billing-event-type.enum.ts
2025-06-13 13:48:20 [INFO]: ✅ Wrote auth-kit-core\src\common\constants\prisma-enums\billing-provider.enum.ts
2025-06-13 13:48:20 [INFO]: ✅ Wrote auth-kit-core\src\common\constants\prisma-enums\oauth-provider.enum.ts
2025-06-13 13:48:20 [INFO]: ✅ Wrote auth-kit-core\src\common\constants\prisma-enums\social-oauth-provider.enum.ts
2025-06-13 13:48:20 [INFO]: ✅ Wrote auth-kit-core\src\common\constants\prisma-enums\web3oauth-provider.enum.ts
2025-06-13 13:48:20 [INFO]: ✅ Wrote auth-kit-core\src\common\constants\prisma-enums\organization-role.enum.ts
2025-06-13 13:48:20 [INFO]: ✅ Wrote auth-kit-core\src\common\constants\prisma-enums\role.enum.ts
2025-06-13 13:48:20 [INFO]: ✅ Wrote auth-kit-core\src\common\constants\prisma-enums\subscription-plan.enum.ts
2025-06-13 13:48:20 [INFO]: ✅ Wrote auth-kit-core\src\common\constants\prisma-enums\subscription-provider.enum.ts
2025-06-13 13:48:20 [INFO]: ✅ Wrote auth-kit-core\src\common\constants\prisma-enums\subscription-status.enum.ts
2025-06-13 13:48:20 [INFO]: ✅ Wrote auth-kit-core\src\common\constants\prisma-enums\token-type.enum.ts
2025-06-13 13:48:20 [INFO]: ✅ Wrote auth-kit-core\src\common\constants\prisma-enums\user-status.enum.ts
2025-06-13 13:48:20 [INFO]: ✅ 📦 Enums index generated (15 exports) → auth-kit-core\src\common\constants\prisma-enums\index.ts
2025-06-13 13:48:21 [INFO]: ✅ ✅ Changes committed to Git
2025-06-13 13:51:54 [INFO]: ✅ Wrote auth-kit-core\src\common\constants\prisma-enums\activity-type.enum.ts
2025-06-13 13:51:54 [INFO]: ✅ Wrote auth-kit-core\src\common\constants\prisma-enums\admin-action.enum.ts
2025-06-13 13:51:54 [INFO]: ✅ Wrote auth-kit-core\src\common\constants\prisma-enums\auth-event.enum.ts
2025-06-13 13:51:54 [INFO]: ✅ Wrote auth-kit-core\src\common\constants\prisma-enums\billing-event-type.enum.ts
2025-06-13 13:51:54 [INFO]: ✅ Wrote auth-kit-core\src\common\constants\prisma-enums\billing-provider.enum.ts
2025-06-13 13:51:54 [INFO]: ✅ Wrote auth-kit-core\src\common\constants\prisma-enums\oauth-provider.enum.ts
2025-06-13 13:51:54 [INFO]: ✅ Wrote auth-kit-core\src\common\constants\prisma-enums\social-oauth-provider.enum.ts
2025-06-13 13:51:54 [INFO]: ✅ Wrote auth-kit-core\src\common\constants\prisma-enums\web3oauth-provider.enum.ts
2025-06-13 13:51:54 [INFO]: ✅ Wrote auth-kit-core\src\common\constants\prisma-enums\organization-role.enum.ts
2025-06-13 13:51:54 [INFO]: ✅ Wrote auth-kit-core\src\common\constants\prisma-enums\role.enum.ts
2025-06-13 13:51:54 [INFO]: ✅ Wrote auth-kit-core\src\common\constants\prisma-enums\subscription-plan.enum.ts
2025-06-13 13:51:54 [INFO]: ✅ Wrote auth-kit-core\src\common\constants\prisma-enums\subscription-provider.enum.ts
2025-06-13 13:51:55 [INFO]: ✅ Wrote auth-kit-core\src\common\constants\prisma-enums\subscription-status.enum.ts
2025-06-13 13:51:55 [INFO]: ✅ Wrote auth-kit-core\src\common\constants\prisma-enums\token-type.enum.ts
2025-06-13 13:51:55 [INFO]: ✅ Wrote auth-kit-core\src\common\constants\prisma-enums\user-status.enum.ts
2025-06-13 13:51:55 [INFO]: ✅ 📦 Enums index generated (15 exports) → auth-kit-core\src\common\constants\prisma-enums\index.ts
2025-06-13 13:51:56 [INFO]: ✅ ✅ Changes committed to Git
2025-06-13 13:52:34 [INFO]: ✅ Wrote auth-kit-core\src\common\constants\prisma-enums\activity-type.enum.ts
2025-06-13 13:52:35 [INFO]: ✅ Wrote auth-kit-core\src\common\constants\prisma-enums\admin-action.enum.ts
2025-06-13 13:52:35 [INFO]: ✅ Wrote auth-kit-core\src\common\constants\prisma-enums\auth-event.enum.ts
2025-06-13 13:52:35 [INFO]: ✅ Wrote auth-kit-core\src\common\constants\prisma-enums\billing-event-type.enum.ts
2025-06-13 13:52:35 [INFO]: ✅ Wrote auth-kit-core\src\common\constants\prisma-enums\billing-provider.enum.ts
2025-06-13 13:52:35 [INFO]: ✅ Wrote auth-kit-core\src\common\constants\prisma-enums\oauth-provider.enum.ts
2025-06-13 13:52:35 [INFO]: ✅ Wrote auth-kit-core\src\common\constants\prisma-enums\social-oauth-provider.enum.ts
2025-06-13 13:52:35 [INFO]: ✅ Wrote auth-kit-core\src\common\constants\prisma-enums\web3oauth-provider.enum.ts
2025-06-13 13:52:35 [INFO]: ✅ Wrote auth-kit-core\src\common\constants\prisma-enums\organization-role.enum.ts
2025-06-13 13:52:35 [INFO]: ✅ Wrote auth-kit-core\src\common\constants\prisma-enums\role.enum.ts
2025-06-13 13:52:35 [INFO]: ✅ Wrote auth-kit-core\src\common\constants\prisma-enums\subscription-plan.enum.ts
2025-06-13 13:52:35 [INFO]: ✅ Wrote auth-kit-core\src\common\constants\prisma-enums\subscription-provider.enum.ts
2025-06-13 13:52:35 [INFO]: ✅ Wrote auth-kit-core\src\common\constants\prisma-enums\subscription-status.enum.ts
2025-06-13 13:52:35 [INFO]: ✅ Wrote auth-kit-core\src\common\constants\prisma-enums\token-type.enum.ts
2025-06-13 13:52:35 [INFO]: ✅ Wrote auth-kit-core\src\common\constants\prisma-enums\user-status.enum.ts
2025-06-13 13:52:35 [INFO]: ✅ 📦 Enums index generated (15 exports) → auth-kit-core\src\common\constants\prisma-enums\index.ts
2025-06-13 13:52:37 [INFO]: ✅ ✅ Changes committed to Git
2025-06-13 14:07:49 [ERROR]: 🚨 Interface generation failed: Cannot create property 'outputCst' on string '// THIS FILE IS AUTO-GENERATED. DO NOT EDIT DIRECTLY.
// Modify individual schema parts in the prisma/schemas directory.

generator client {
  provider = "prisma-client-js"
  output   = "../auth-kit-core/src/generated/prisma"
}

datasource db {
  provider = "postgresql"
  url      = env("DATABASE_URL")
}

generator seed {
  provider = "prisma-client-js"
  output   = "../node_modules/.prisma/client"
}

// --- File: prisma\schemas\enums\activity-type.enum.prisma ---

enum ActivityType {
  LOGIN
  LOGOUT
  MFA_ENABLED
  PASSWORD_RESET
}

// --- File: prisma\schemas\enums\admin-action.enum.prisma ---

enum AdminAction {
  USER_BAN
  USER_UNBAN
  ACCOUNT_DELETED
  ORG_CREATED
  ORG_MEMBER_REMOVED
  ORG_INVITE_SENT
  SUBSCRIPTION_UPDATED
}

// --- File: prisma\schemas\enums\auth-event.enum.prisma ---

enum AuthEvent {
  LOGIN
  LOGOUT
  MFA_SUCCESS
  MFA_FAILED
  EMAIL_VERIFIED
  PASSWORD_CHANGED
  TOKEN_EXPIRED
}

// --- File: prisma\schemas\enums\billing-event-type.enum.prisma ---

enum BillingEventType {
  SUBSCRIPTION_CREATED
  SUBSCRIPTION_UPDATED
  SUBSCRIPTION_CANCELED
  PAYMENT_SUCCEEDED
  PAYMENT_FAILED
  TRIAL_STARTED
  TRIAL_ENDED
  REFUND_INITIATED
  COUPON_APPLIED
  PLAN_SWITCHED
  RENEWAL
  PROVIDER_SYNC
}

// --- File: prisma\schemas\enums\billing-provider.enum.prisma ---

enum BillingProvider {
  STRIPE
  PAYSTACK
  LEMONSQUEEZY
}

// --- File: prisma\schemas\enums\oauth-provider.enum.prisma ---

enum OAuthProvider {
  GITHUB
  GOOGLE
  DISCORD
}

enum SocialOAuthProvider {
	FACEBOOK
	LINKEDIN
}

enum Web3OAuthProvider {
	METAMASK
	BITCOIN
}

// --- File: prisma\schemas\enums\organization-role.enum.prisma ---

enum OrganizationRole {
  OWNER
  ADMIN
  MEMBER
  GUEST
}

// --- File: prisma\schemas\enums\role.enum.prisma ---

enum Role {
  USER
  PREMIUM
  PRO
  ADMIN
}

// --- File: prisma\schemas\enums\subscription-plan.enum.prisma ---

enum SubscriptionPlan {
  FREE
  PREMIUM
  PRO
  ENTERPRISE
	EDUCATOR
}

// --- File: prisma\schemas\enums\subscription-provider.enum.prisma ---

enum SubscriptionProvider {
  STRIPE
  PAYSTACK
  LEMONSQUEEZY
}

// --- File: prisma\schemas\enums\subscription-status.enum.prisma ---

enum SubscriptionStatus {
  ACTIVE
  CANCELED
  TRIALING
  EXPIRED
	RENEWED
}

// --- File: prisma\schemas\enums\token-type.enum.prisma ---

enum TokenType {
  VERIFY_EMAIL
  RESET_PASSWORD
  MAGIC_LINK
  TOTP
}

// --- File: prisma\schemas\enums\user-status.enum.prisma ---

enum UserStatus {
  active
  suspended
  banned
}

// --- File: prisma\schemas\activity-log.prisma ---

model ActivityLog {
  id        String   @id @default(uuid())
  userId    String
  user      User     @relation(fields: [userId], references: [id])
  action    ActivityType
  ip        String?
  metadata  Json?
  userAgent String?
  createdAt DateTime @default(now())

  @@index([userId])
  @@index([action])
  @@index([createdAt])
}

// --- File: prisma\schemas\admin-audit-log.prisma ---

model AdminAuditLog {
  id        String   @id @default(uuid())
  action    AdminAction
  actorId   String?
  actor     User?    @relation("UserToAdminAuditLog", fields: [actorId], references: [id])
  target    String?
  meta      Json?
  createdAt DateTime @default(now())

  @@index([actorId])
  @@index([action])
  @@index([createdAt])
}

// --- File: prisma\schemas\auth-log.prisma ---

model AuthLog {
  id              String   @id @default(uuid())
  userId          String
  user            User     @relation(fields: [userId], references: [id])
  event           AuthEvent
  ip              String?
  userAgent       String?
  platform        String?
  browser         String?
  locationCity    String?
  locationCountry String?
  createdAt       DateTime @default(now())

  @@index([userId])
  @@index([event])
  @@index([createdAt])
}

// --- File: prisma\schemas\billing-event.prisma ---

model BillingEvent {
  id             String               @id @default(uuid())
  userId         String
  user           User                 @relation(fields: [userId], references: [id])

  subscriptionId String
  subscription   Subscription         @relation(fields: [subscriptionId], references: [id])

  eventType      BillingEventType
  provider       SubscriptionProvider
  status         String?              // Optional result (e.g., "success", "failed", etc.)
  metadata       Json?                // Flexible provider-specific payload

  createdAt      DateTime             @default(now())

  @@index([userId])
  @@index([subscriptionId])
  @@index([eventType])
  @@index([createdAt])
}

// --- File: prisma\schemas\email-token.prisma ---

model EmailToken {
  id        String    @id @default(uuid())
  email     String
  token     String    @unique
  type      TokenType
  expiresAt DateTime
  userId    String?
  user      User?     @relation(fields: [userId], references: [id])
  createdAt DateTime  @default(now())

  @@index([email])
  @@index([type])
  @@index([expiresAt])
}

// --- File: prisma\schemas\mfa.prisma ---

model MFA {
  id          String            @id @default(uuid())
  userId      String            @unique
  user        User              @relation(fields: [userId], references: [id])
  secret      String
  enabled     Boolean           @default(false)
  verifiedAt  DateTime?
  createdAt   DateTime          @default(now())
  backupCodes MFA_BackupCode[]

  @@index([enabled])
}

model MFA_BackupCode {
  id     String   @id @default(uuid())
  code   String
  usedAt DateTime?
  mfaId  String
  mfa    MFA      @relation(fields: [mfaId], references: [id])

  @@index([mfaId])
  @@index([usedAt])
}

// --- File: prisma\schemas\oauth-account.prisma ---

model OAuthAccount {
  id             String    @id @default(uuid())
  userId         String
  user           User      @relation(fields: [userId], references: [id])
  provider       OAuthProvider
  providerUserId String
  accessToken    String?
  refreshToken   String?
  expiresAt      DateTime?
  createdAt      DateTime  @default(now())

  @@unique([provider, providerUserId])
  @@index([userId])
  @@index([provider])
}

// --- File: prisma\schemas\organization-domain.prisma ---

model OrganizationDomain {
  id             String        @id @default(uuid())
  organizationId String
  organization   Organization  @relation(fields: [organizationId], references: [id])
  domain         String        @unique
  verified       Boolean       @default(false)
}

// --- File: prisma\schemas\organization-invite.prisma ---

model OrganizationInvite {
  id             String    @id @default(uuid())
  email          String
  organizationId String
  organization   Organization @relation(fields: [organizationId], references: [id])

  role           OrganizationRole @default(MEMBER)
  invitedById    String?
  invitedBy      User?       @relation("InviteInvitedBy", fields: [invitedById], references: [id])

  token          String     @unique
  expiresAt      DateTime
  acceptedAt     DateTime?
  createdAt      DateTime   @default(now())

  @@index([organizationId])
  @@index([email])
}

// --- File: prisma\schemas\organization-membership.prisma ---

model OrganizationMembership {
  id             String        @id @default(uuid())
  userId         String
  user           User          @relation(fields: [userId], references: [id])

  organizationId String
  organization   Organization  @relation(fields: [organizationId], references: [id])

  role           OrganizationRole @default(MEMBER)
  invitedById    String?
  invitedBy      User?         @relation("MembershipInvitedBy", fields: [invitedById], references: [id])
  createdAt      DateTime      @default(now())
  updatedAt      DateTime      @updatedAt

  @@unique([userId, organizationId])
}

// --- File: prisma\schemas\organization-sso-provider.prisma ---

model OrganizationSSOProvider {
  id               String     @id @default(uuid())
  organizationId   String
  organization     Organization @relation(fields: [organizationId], references: [id])
  provider         String
  ssoConfig        Json
  createdAt        DateTime   @default(now())

  @@index([organizationId])
}

// --- File: prisma\schemas\organization.prisma ---

model Organization {
  id          String        @id @default(uuid())
  name        String
  slug        String        @unique
  createdAt   DateTime      @default(now())
  updatedAt   DateTime      @updatedAt

  memberships OrganizationMembership[]
  domains     OrganizationDomain[]
  invites     OrganizationInvite[]
  ssoProviders OrganizationSSOProvider[]
}

// --- File: prisma\schemas\session.prisma ---

model Session {
  id              String    @id @default(uuid())
  userId          String
  user            User      @relation(fields: [userId], references: [id])
  ip              String?
  userAgent       String?
  deviceName      String?
  platform        String?
  browser         String?
  locationCity    String?
  locationCountry String?
  fingerprint     String?
  createdAt       DateTime  @default(now())
  lastActiveAt    DateTime? 
  expiresAt       DateTime
  valid           Boolean   @default(true)
  refreshToken    String? 

  firstSeenAt     DateTime? 
  lastUsedAt      DateTime? 

  @@index([userId])
  @@index([refreshToken])
  @@index([expiresAt])
  @@index([valid])
}

// --- File: prisma\schemas\subscription.prisma ---

model Subscription {
  id                  String               @id @default(uuid())
  userId              String               @unique
  user                User                 @relation(fields: [userId], references: [id])

  plan                SubscriptionPlan
  status              SubscriptionStatus
  provider            SubscriptionProvider

  stripeCustomerId    String?
  stripeSubId         String?

  paystackCustomerId  String?
  paystackSubCode     String?

  lemonCustomerId     String?
  lemonOrderId        String?

  currentPeriodEnd    DateTime

  billingEvents BillingEvent[]

  createdAt           DateTime             @default(now())
  updatedAt           DateTime             @updatedAt

  @@index([plan])
  @@index([status])
  @@index([provider])
  @@index([currentPeriodEnd])
}

// --- File: prisma\schemas\user.prisma ---

model User {
  id            String    @id @default(uuid())
  email         String    @unique
  password      String?
  name          String?
  emailVerified DateTime?
  role          Role      @default(USER)
  createdAt     DateTime  @default(now())
  updatedAt     DateTime  @updatedAt

  isDeactivated Boolean   @default(false)
  deletedAt     DateTime? 
  status        UserStatus @default(active)

  // Relations
  authLogs     AuthLog[]
  sessions     Session[]
  mfa          MFA?
  activityLogs ActivityLog[]
  accounts     OAuthAccount[]
  tokens       EmailToken[]
  subscription Subscription?
  auditLogs    AdminAuditLog[] @relation("UserToAdminAuditLog")

  organizationInvitesSent OrganizationInvite[] @relation("InviteInvitedBy")
  organizationMemberships OrganizationMembership[]
  organizationMembershipsInvited OrganizationMembership[] @relation("MembershipInvitedBy")

  billingEvents BillingEvent[]

  @@index([status])
  @@index([createdAt])
}'
2025-06-13 14:11:46 [ERROR]: 🚨 Interface generation failed: Cannot create property 'outputCst' on string '// THIS FILE IS AUTO-GENERATED. DO NOT EDIT DIRECTLY.
// Modify individual schema parts in the prisma/schemas directory.

generator client {
  provider = "prisma-client-js"
  output   = "../auth-kit-core/src/generated/prisma"
}

datasource db {
  provider = "postgresql"
  url      = env("DATABASE_URL")
}

generator seed {
  provider = "prisma-client-js"
  output   = "../node_modules/.prisma/client"
}

// --- File: prisma\schemas\enums\activity-type.enum.prisma ---

enum ActivityType {
  LOGIN
  LOGOUT
  MFA_ENABLED
  PASSWORD_RESET
}

// --- File: prisma\schemas\enums\admin-action.enum.prisma ---

enum AdminAction {
  USER_BAN
  USER_UNBAN
  ACCOUNT_DELETED
  ORG_CREATED
  ORG_MEMBER_REMOVED
  ORG_INVITE_SENT
  SUBSCRIPTION_UPDATED
}

// --- File: prisma\schemas\enums\auth-event.enum.prisma ---

enum AuthEvent {
  LOGIN
  LOGOUT
  MFA_SUCCESS
  MFA_FAILED
  EMAIL_VERIFIED
  PASSWORD_CHANGED
  TOKEN_EXPIRED
}

// --- File: prisma\schemas\enums\billing-event-type.enum.prisma ---

enum BillingEventType {
  SUBSCRIPTION_CREATED
  SUBSCRIPTION_UPDATED
  SUBSCRIPTION_CANCELED
  PAYMENT_SUCCEEDED
  PAYMENT_FAILED
  TRIAL_STARTED
  TRIAL_ENDED
  REFUND_INITIATED
  COUPON_APPLIED
  PLAN_SWITCHED
  RENEWAL
  PROVIDER_SYNC
}

// --- File: prisma\schemas\enums\billing-provider.enum.prisma ---

enum BillingProvider {
  STRIPE
  PAYSTACK
  LEMONSQUEEZY
}

// --- File: prisma\schemas\enums\oauth-provider.enum.prisma ---

enum OAuthProvider {
  GITHUB
  GOOGLE
  DISCORD
}

enum SocialOAuthProvider {
	FACEBOOK
	LINKEDIN
}

enum Web3OAuthProvider {
	METAMASK
	BITCOIN
}

// --- File: prisma\schemas\enums\organization-role.enum.prisma ---

enum OrganizationRole {
  OWNER
  ADMIN
  MEMBER
  GUEST
}

// --- File: prisma\schemas\enums\role.enum.prisma ---

enum Role {
  USER
  PREMIUM
  PRO
  ADMIN
}

// --- File: prisma\schemas\enums\subscription-plan.enum.prisma ---

enum SubscriptionPlan {
  FREE
  PREMIUM
  PRO
  ENTERPRISE
	EDUCATOR
}

// --- File: prisma\schemas\enums\subscription-provider.enum.prisma ---

enum SubscriptionProvider {
  STRIPE
  PAYSTACK
  LEMONSQUEEZY
}

// --- File: prisma\schemas\enums\subscription-status.enum.prisma ---

enum SubscriptionStatus {
  ACTIVE
  CANCELED
  TRIALING
  EXPIRED
	RENEWED
}

// --- File: prisma\schemas\enums\token-type.enum.prisma ---

enum TokenType {
  VERIFY_EMAIL
  RESET_PASSWORD
  MAGIC_LINK
  TOTP
}

// --- File: prisma\schemas\enums\user-status.enum.prisma ---

enum UserStatus {
  active
  suspended
  banned
}

// --- File: prisma\schemas\activity-log.prisma ---

model ActivityLog {
  id        String   @id @default(uuid())
  userId    String
  user      User     @relation(fields: [userId], references: [id])
  action    ActivityType
  ip        String?
  metadata  Json?
  userAgent String?
  createdAt DateTime @default(now())

  @@index([userId])
  @@index([action])
  @@index([createdAt])
}

// --- File: prisma\schemas\admin-audit-log.prisma ---

model AdminAuditLog {
  id        String   @id @default(uuid())
  action    AdminAction
  actorId   String?
  actor     User?    @relation("UserToAdminAuditLog", fields: [actorId], references: [id])
  target    String?
  meta      Json?
  createdAt DateTime @default(now())

  @@index([actorId])
  @@index([action])
  @@index([createdAt])
}

// --- File: prisma\schemas\auth-log.prisma ---

model AuthLog {
  id              String   @id @default(uuid())
  userId          String
  user            User     @relation(fields: [userId], references: [id])
  event           AuthEvent
  ip              String?
  userAgent       String?
  platform        String?
  browser         String?
  locationCity    String?
  locationCountry String?
  createdAt       DateTime @default(now())

  @@index([userId])
  @@index([event])
  @@index([createdAt])
}

// --- File: prisma\schemas\billing-event.prisma ---

model BillingEvent {
  id             String               @id @default(uuid())
  userId         String
  user           User                 @relation(fields: [userId], references: [id])

  subscriptionId String
  subscription   Subscription         @relation(fields: [subscriptionId], references: [id])

  eventType      BillingEventType
  provider       SubscriptionProvider
  status         String?              // Optional result (e.g., "success", "failed", etc.)
  metadata       Json?                // Flexible provider-specific payload

  createdAt      DateTime             @default(now())

  @@index([userId])
  @@index([subscriptionId])
  @@index([eventType])
  @@index([createdAt])
}

// --- File: prisma\schemas\email-token.prisma ---

model EmailToken {
  id        String    @id @default(uuid())
  email     String
  token     String    @unique
  type      TokenType
  expiresAt DateTime
  userId    String?
  user      User?     @relation(fields: [userId], references: [id])
  createdAt DateTime  @default(now())

  @@index([email])
  @@index([type])
  @@index([expiresAt])
}

// --- File: prisma\schemas\mfa.prisma ---

model MFA {
  id          String            @id @default(uuid())
  userId      String            @unique
  user        User              @relation(fields: [userId], references: [id])
  secret      String
  enabled     Boolean           @default(false)
  verifiedAt  DateTime?
  createdAt   DateTime          @default(now())
  backupCodes MFA_BackupCode[]

  @@index([enabled])
}

model MFA_BackupCode {
  id     String   @id @default(uuid())
  code   String
  usedAt DateTime?
  mfaId  String
  mfa    MFA      @relation(fields: [mfaId], references: [id])

  @@index([mfaId])
  @@index([usedAt])
}

// --- File: prisma\schemas\oauth-account.prisma ---

model OAuthAccount {
  id             String    @id @default(uuid())
  userId         String
  user           User      @relation(fields: [userId], references: [id])
  provider       OAuthProvider
  providerUserId String
  accessToken    String?
  refreshToken   String?
  expiresAt      DateTime?
  createdAt      DateTime  @default(now())

  @@unique([provider, providerUserId])
  @@index([userId])
  @@index([provider])
}

// --- File: prisma\schemas\organization-domain.prisma ---

model OrganizationDomain {
  id             String        @id @default(uuid())
  organizationId String
  organization   Organization  @relation(fields: [organizationId], references: [id])
  domain         String        @unique
  verified       Boolean       @default(false)
}

// --- File: prisma\schemas\organization-invite.prisma ---

model OrganizationInvite {
  id             String    @id @default(uuid())
  email          String
  organizationId String
  organization   Organization @relation(fields: [organizationId], references: [id])

  role           OrganizationRole @default(MEMBER)
  invitedById    String?
  invitedBy      User?       @relation("InviteInvitedBy", fields: [invitedById], references: [id])

  token          String     @unique
  expiresAt      DateTime
  acceptedAt     DateTime?
  createdAt      DateTime   @default(now())

  @@index([organizationId])
  @@index([email])
}

// --- File: prisma\schemas\organization-membership.prisma ---

model OrganizationMembership {
  id             String        @id @default(uuid())
  userId         String
  user           User          @relation(fields: [userId], references: [id])

  organizationId String
  organization   Organization  @relation(fields: [organizationId], references: [id])

  role           OrganizationRole @default(MEMBER)
  invitedById    String?
  invitedBy      User?         @relation("MembershipInvitedBy", fields: [invitedById], references: [id])
  createdAt      DateTime      @default(now())
  updatedAt      DateTime      @updatedAt

  @@unique([userId, organizationId])
}

// --- File: prisma\schemas\organization-sso-provider.prisma ---

model OrganizationSSOProvider {
  id               String     @id @default(uuid())
  organizationId   String
  organization     Organization @relation(fields: [organizationId], references: [id])
  provider         String
  ssoConfig        Json
  createdAt        DateTime   @default(now())

  @@index([organizationId])
}

// --- File: prisma\schemas\organization.prisma ---

model Organization {
  id          String        @id @default(uuid())
  name        String
  slug        String        @unique
  createdAt   DateTime      @default(now())
  updatedAt   DateTime      @updatedAt

  memberships OrganizationMembership[]
  domains     OrganizationDomain[]
  invites     OrganizationInvite[]
  ssoProviders OrganizationSSOProvider[]
}

// --- File: prisma\schemas\session.prisma ---

model Session {
  id              String    @id @default(uuid())
  userId          String
  user            User      @relation(fields: [userId], references: [id])
  ip              String?
  userAgent       String?
  deviceName      String?
  platform        String?
  browser         String?
  locationCity    String?
  locationCountry String?
  fingerprint     String?
  createdAt       DateTime  @default(now())
  lastActiveAt    DateTime? 
  expiresAt       DateTime
  valid           Boolean   @default(true)
  refreshToken    String? 

  firstSeenAt     DateTime? 
  lastUsedAt      DateTime? 

  @@index([userId])
  @@index([refreshToken])
  @@index([expiresAt])
  @@index([valid])
}

// --- File: prisma\schemas\subscription.prisma ---

model Subscription {
  id                  String               @id @default(uuid())
  userId              String               @unique
  user                User                 @relation(fields: [userId], references: [id])

  plan                SubscriptionPlan
  status              SubscriptionStatus
  provider            SubscriptionProvider

  stripeCustomerId    String?
  stripeSubId         String?

  paystackCustomerId  String?
  paystackSubCode     String?

  lemonCustomerId     String?
  lemonOrderId        String?

  currentPeriodEnd    DateTime

  billingEvents BillingEvent[]

  createdAt           DateTime             @default(now())
  updatedAt           DateTime             @updatedAt

  @@index([plan])
  @@index([status])
  @@index([provider])
  @@index([currentPeriodEnd])
}

// --- File: prisma\schemas\user.prisma ---

model User {
  id            String    @id @default(uuid())
  email         String    @unique
  password      String?
  name          String?
  emailVerified DateTime?
  role          Role      @default(USER)
  createdAt     DateTime  @default(now())
  updatedAt     DateTime  @updatedAt

  isDeactivated Boolean   @default(false)
  deletedAt     DateTime? 
  status        UserStatus @default(active)

  // Relations
  authLogs     AuthLog[]
  sessions     Session[]
  mfa          MFA?
  activityLogs ActivityLog[]
  accounts     OAuthAccount[]
  tokens       EmailToken[]
  subscription Subscription?
  auditLogs    AdminAuditLog[] @relation("UserToAdminAuditLog")

  organizationInvitesSent OrganizationInvite[] @relation("InviteInvitedBy")
  organizationMemberships OrganizationMembership[]
  organizationMembershipsInvited OrganizationMembership[] @relation("MembershipInvitedBy")

  billingEvents BillingEvent[]

  @@index([status])
  @@index([createdAt])
}'
2025-06-13 16:30:27 [WARN]: ⚠️ Running Prisma schema builder in development mode.
2025-06-13 16:30:27 [INFO]: 🛠 Starting Prisma schema build ...
2025-06-13 16:30:27 [INFO]: 🔍 Scanning schemas in: C:\Users\USER\Desktop\Projects\Voltix\backend\prisma\schemas
2025-06-13 16:30:27 [INFO]: 🔍 Scanning enums in: C:\Users\USER\Desktop\Projects\Voltix\backend\prisma\schemas\enums
2025-06-13 16:30:27 [INFO]: ✅ schema.prisma generated at C:\Users\USER\Desktop\Projects\Voltix\backend\prisma\schema.prisma
2025-06-13 16:30:27 [INFO]: ✅ schema.prisma build completed!
2025-06-13 16:30:45 [WARN]: ⚠️ Running Prisma schema builder in development mode.
2025-06-13 16:30:45 [INFO]: 🛠 Starting Prisma schema build ...
2025-06-13 16:30:45 [INFO]: 🔍 Scanning schemas in: C:\Users\USER\Desktop\Projects\Voltix\backend\prisma\schemas
2025-06-13 16:30:45 [INFO]: 🔍 Scanning enums in: C:\Users\USER\Desktop\Projects\Voltix\backend\prisma\schemas\enums
2025-06-13 16:30:45 [INFO]: ✅ schema.prisma generated at C:\Users\USER\Desktop\Projects\Voltix\backend\prisma\schema.prisma
2025-06-13 16:30:45 [INFO]: ✅ schema.prisma build completed!
2025-06-13 20:45:19 [INFO]: 📦 Building Prisma schema...
2025-06-13 20:45:19 [INFO]: 🔍 Scanning schemas in: C:\Users\USER\Desktop\Projects\Voltix\backend\prisma\schemas
2025-06-13 20:45:19 [INFO]: 🔍 Scanning enums in: C:\Users\USER\Desktop\Projects\Voltix\backend\prisma\schemas\enums
2025-06-13 20:45:21 [INFO]: ✅ schema.prisma generated at C:\Users\USER\Desktop\Projects\Voltix\backend\prisma\schema.prisma
2025-06-13 20:45:35 [INFO]: ✅ Wrote auth-kit-core\src\common\constants\prisma-enums\activity-type.enum.ts
2025-06-13 20:45:35 [INFO]: ✅ Wrote auth-kit-core\src\common\constants\prisma-enums\admin-action.enum.ts
2025-06-13 20:45:35 [INFO]: ✅ Wrote auth-kit-core\src\common\constants\prisma-enums\auth-event.enum.ts
2025-06-13 20:45:35 [INFO]: ✅ Wrote auth-kit-core\src\common\constants\prisma-enums\billing-event-type.enum.ts
2025-06-13 20:45:35 [INFO]: ✅ Wrote auth-kit-core\src\common\constants\prisma-enums\billing-provider.enum.ts
2025-06-13 20:45:35 [INFO]: ✅ Wrote auth-kit-core\src\common\constants\prisma-enums\oauth-provider.enum.ts
2025-06-13 20:45:35 [INFO]: ✅ Wrote auth-kit-core\src\common\constants\prisma-enums\social-oauth-provider.enum.ts
2025-06-13 20:45:35 [INFO]: ✅ Wrote auth-kit-core\src\common\constants\prisma-enums\web3oauth-provider.enum.ts
2025-06-13 20:45:35 [INFO]: ✅ Wrote auth-kit-core\src\common\constants\prisma-enums\organization-role.enum.ts
2025-06-13 20:45:35 [INFO]: ✅ Wrote auth-kit-core\src\common\constants\prisma-enums\role.enum.ts
2025-06-13 20:45:36 [INFO]: ✅ Wrote auth-kit-core\src\common\constants\prisma-enums\subscription-plan.enum.ts
2025-06-13 20:45:36 [INFO]: ✅ Wrote auth-kit-core\src\common\constants\prisma-enums\subscription-provider.enum.ts
2025-06-13 20:45:36 [INFO]: ✅ Wrote auth-kit-core\src\common\constants\prisma-enums\subscription-status.enum.ts
2025-06-13 20:45:36 [INFO]: ✅ Wrote auth-kit-core\src\common\constants\prisma-enums\token-type.enum.ts
2025-06-13 20:45:36 [INFO]: ✅ Wrote auth-kit-core\src\common\constants\prisma-enums\user-status.enum.ts
2025-06-13 20:45:36 [INFO]: ✅ 📦 Enums index generated (15 exports) → auth-kit-core\src\common\constants\prisma-enums\index.ts
2025-06-13 20:46:21 [INFO]: ✅ ✅ Changes committed to Git
2025-06-13 20:47:07 [WARN]: ⚠️ Running Prisma schema builder in development mode.
2025-06-13 20:47:08 [INFO]: 🛠 Starting Prisma schema build ...
2025-06-13 20:47:08 [INFO]: 🔍 Scanning schemas in: C:\Users\USER\Desktop\Projects\Voltix\backend\prisma\schemas
2025-06-13 20:47:08 [INFO]: 🔍 Scanning enums in: C:\Users\USER\Desktop\Projects\Voltix\backend\prisma\schemas\enums
2025-06-13 20:47:08 [INFO]: ✅ schema.prisma generated at C:\Users\USER\Desktop\Projects\Voltix\backend\prisma\schema.prisma
2025-06-13 20:47:08 [INFO]: ✅ schema.prisma build completed!
2025-06-13 23:37:33 [INFO]: ✅ Utils index generated with 15 exports → auth-kit-core\src\common\utils\index.ts
2025-06-13 23:37:45 [INFO]: ✅ Utils index generated with 15 exports → auth-kit-core\src\common\utils\index.ts
2025-06-13 23:38:21 [INFO]: ✅ Utils index generated with 16 exports → auth-kit-core\src\common\utils\index.ts
2025-06-13 23:39:07 [INFO]: ✅ Utils index generated with 15 exports → auth-kit-core\src\common\utils\index.ts
